<?xml version="1.0" encoding="UTF-8"?>
<!-- Generated by org.testng.reporters.JUnitReportReporter -->
<testsuite hostname="Hrushikesh" failures="0" tests="1" name="includeExclude.NewTest" time="7.009" errors="0" timestamp="2022-06-28T20:38:36 IST" skipped="0">
  <testcase classname="includeExclude.NewTest" name="validateUserId" time="7.009"/>
  <system-out>
    <![CDATA[User ID Match TC Passed]]>
  </system-out>
</testsuite> <!-- includeExclude.NewTest -->
