<?xml version="1.0" encoding="UTF-8"?>
<!-- Generated by org.testng.reporters.JUnitReportReporter -->
<testsuite hostname="Hrushikesh" failures="0" tests="5" name="seriesAndParallelExecutionStudy.myTestClass1" time="0.017" errors="0" timestamp="2022-06-24T12:34:29 IST" skipped="0">
  <testcase classname="seriesAndParallelExecutionStudy.myTestClass1" name="u" time="0.002"/>
  <system-out>
    <![CDATA[U is Running ( Regression ) ]]>
  </system-out>
  <testcase classname="seriesAndParallelExecutionStudy.myTestClass1" name="h" time="0.011"/>
  <system-out>
    <![CDATA[H is Running ( Regression ) ]]>
  </system-out>
  <testcase classname="seriesAndParallelExecutionStudy.myTestClass1" name="r" time="0.001"/>
  <system-out>
    <![CDATA[R is Running ( Sanity ) ]]>
  </system-out>
  <testcase classname="seriesAndParallelExecutionStudy.myTestClass1" name="hi" time="0.001"/>
  <system-out>
    <![CDATA[HI is Running ( Regression ) ]]>
  </system-out>
  <testcase classname="seriesAndParallelExecutionStudy.myTestClass1" name="s" time="0.002"/>
  <system-out>
    <![CDATA[S is Running ( Sanity ) ]]>
  </system-out>
</testsuite> <!-- seriesAndParallelExecutionStudy.myTestClass1 -->
