<?xml version="1.0" encoding="UTF-8"?>
<!-- Generated by org.testng.reporters.JUnitReportReporter -->
<testsuite hostname="Hrushikesh" failures="0" tests="1" name="annotationsStudy.NewTest" time="7.123" errors="0" timestamp="2022-06-28T20:42:56 IST" skipped="0">
  <testcase classname="annotationsStudy.NewTest" name="validateUserId" time="7.123"/>
  <system-out>
    <![CDATA[User ID Match TC Passed]]>
  </system-out>
</testsuite> <!-- annotationsStudy.NewTest -->
