<?xml version="1.0" encoding="UTF-8"?>
<!-- Generated by org.testng.reporters.JUnitReportReporter -->
<testsuite hostname="Hrushikesh" failures="0" tests="1" name="annotationsStudy.AnnotationBasicEg2" time="0.005" errors="0" timestamp="2022-06-22T12:26:57 IST" skipped="0">
  <testcase classname="annotationsStudy.AnnotationBasicEg2" name="recharge" time="0.005"/>
  <system-out>
    <![CDATA[Airtel Rechange Successful]]>
  </system-out>
</testsuite> <!-- annotationsStudy.AnnotationBasicEg2 -->
