<?xml version="1.0" encoding="UTF-8"?>
<!-- Generated by org.testng.reporters.JUnitReportReporter -->
<testsuite hostname="Hrushikesh" failures="0" tests="1" name="aaKiteTest.ValidateKiteUserID_UsingProperties" time="3.304" errors="0" timestamp="2022-07-04T13:54:07 IST" skipped="0">
  <testcase classname="aaKiteTest.ValidateKiteUserID_UsingProperties" name="ValidateUserID" time="3.304"/>
  <system-out>
    <![CDATA[*ActualUID and ExpectedUID Equal TC Passed
**Test Case passed**]]>
  </system-out>
</testsuite> <!-- aaKiteTest.ValidateKiteUserID_UsingProperties -->
