<?xml version="1.0" encoding="UTF-8"?>
<!-- Generated by org.testng.reporters.JUnitReportReporter -->
<testsuite hostname="Hrushikesh" failures="0" tests="3" name="testNGKeyword.EnableUse" time="0.013" errors="0" timestamp="2022-06-23T12:21:34 IST" skipped="1">
  <testcase classname="testNGKeyword.EnableUse" name="v" time="0.002"/>
  <system-out>
    <![CDATA[V is Running ]]>
  </system-out>
  <testcase classname="testNGKeyword.EnableUse" name="d" time="0.011"/>
  <system-out>
    <![CDATA[D is Running ]]>
  </system-out>
  <testcase classname="testNGKeyword.EnableUse" name="a">
    <skipped/>
  </testcase> <!-- a -->
  <system-out/>
</testsuite> <!-- testNGKeyword.EnableUse -->
