<?xml version="1.0" encoding="UTF-8"?>
<!-- Generated by org.testng.reporters.JUnitReportReporter -->
<testsuite hostname="Hrushikesh" failures="0" tests="1" name="kiteUsingTestNG.ValidateKiteAppUserName" time="9.886" errors="0" timestamp="2022-07-01T09:12:57 IST" skipped="0">
  <testcase classname="kiteUsingTestNG.ValidateKiteAppUserName" name="validateUserName" time="9.886"/>
  <system-out>
    <![CDATA[Validating User ID
Actual and Expected user ID match TC Pass]]>
  </system-out>
</testsuite> <!-- kiteUsingTestNG.ValidateKiteAppUserName -->
