<?xml version="1.0" encoding="UTF-8"?>
<!-- Generated by org.testng.reporters.JUnitReportReporter -->
<testsuite hostname="Hrushikesh" failures="0" tests="3" name="testNGKeyword.InvocationCountStudy" time="0.013" errors="0" timestamp="2022-06-22T12:15:13 IST" skipped="0">
  <testcase classname="testNGKeyword.InvocationCountStudy" name="myTest" time="0.001"/>
  <system-out>
    <![CDATA[Sanjay]]>
  </system-out>
  <testcase classname="testNGKeyword.InvocationCountStudy" name="myTest" time="0.011"/>
  <system-out>
    <![CDATA[Sanjay]]>
  </system-out>
  <testcase classname="testNGKeyword.InvocationCountStudy" name="myTest" time="0.001"/>
  <system-out>
    <![CDATA[Sanjay]]>
  </system-out>
</testsuite> <!-- testNGKeyword.InvocationCountStudy -->
