<?xml version="1.0" encoding="UTF-8"?>
<!-- Generated by org.testng.reporters.JUnitReportReporter -->
<testsuite hostname="Hrushikesh" failures="0" tests="5" name="aalistenersStudy.myTest3" time="0.015" errors="0" timestamp="2022-07-04T20:31:39 IST" skipped="0">
  <testcase classname="aalistenersStudy.myTest3" name="myMethodForListener" time="0.009"/>
  <system-out>
    <![CDATA[2.onTestStart use
3.Welcome TC Passed TC name is myMethodForListener]]>
  </system-out>
  <testcase classname="aalistenersStudy.myTest3" name="myMethodForListener" time="0.002"/>
  <system-out>
    <![CDATA[2.onTestStart use
3.Welcome TC Passed TC name is myMethodForListener]]>
  </system-out>
  <testcase classname="aalistenersStudy.myTest3" name="myMethodForListener" time="0.001"/>
  <system-out>
    <![CDATA[2.onTestStart use
3.Welcome TC Passed TC name is myMethodForListener]]>
  </system-out>
  <testcase classname="aalistenersStudy.myTest3" name="myMethodForListener2" time="0.001"/>
  <system-out>
    <![CDATA[2.onTestStart use
3.Welcome TC Passed TC name is myMethodForListener2]]>
  </system-out>
  <testcase classname="aalistenersStudy.myTest3" name="myMethodForListener" time="0.002"/>
  <system-out>
    <![CDATA[2.onTestStart use
3.Welcome TC Passed TC name is myMethodForListener]]>
  </system-out>
</testsuite> <!-- aalistenersStudy.myTest3 -->
