<?xml version="1.0" encoding="UTF-8"?>
<!-- Generated by org.testng.reporters.JUnitReportReporter -->
<testsuite hostname="Hrushikesh" failures="0" tests="3" name="groupingUsingXMLfile.TestClass2" time="0.006" errors="0" timestamp="2022-06-24T12:09:38 IST" skipped="0">
  <testcase classname="groupingUsingXMLfile.TestClass2" name="TC3" time="0.002"/>
  <system-out>
    <![CDATA[TC3 is Running ( Sanity )]]>
  </system-out>
  <testcase classname="groupingUsingXMLfile.TestClass2" name="TC4" time="0.002"/>
  <system-out>
    <![CDATA[TC4 is Running ( Sanity )]]>
  </system-out>
  <testcase classname="groupingUsingXMLfile.TestClass2" name="TC5" time="0.002"/>
  <system-out>
    <![CDATA[TC5 is Running ( Sanity )]]>
  </system-out>
</testsuite> <!-- groupingUsingXMLfile.TestClass2 -->
