<?xml version="1.0" encoding="UTF-8"?>
<!-- Generated by org.testng.reporters.JUnitReportReporter -->
<testsuite hostname="Hrushikesh" failures="0" tests="2" name="annotationsStudy.kiteUserID_Validate" time="15.618" errors="0" timestamp="2022-07-08T20:58:27 IST" skipped="0">
  <testcase classname="annotationsStudy.kiteUserID_Validate" name="validateUserId" time="6.771"/>
  <system-out>
    <![CDATA[User ID Match TC Passed]]>
  </system-out>
  <testcase classname="annotationsStudy.kiteUserID_Validate" name="validateDashBoard" time="8.847"/>
  <system-out/>
</testsuite> <!-- annotationsStudy.kiteUserID_Validate -->
