<?xml version="1.0" encoding="UTF-8"?>
<!-- Generated by org.testng.reporters.JUnitReportReporter -->
<testsuite hostname="Hrushikesh" failures="0" tests="2" name="includeExclude.myTestClass1" time="0.005" errors="0" timestamp="2022-06-23T22:34:25 IST" skipped="0">
  <testcase classname="includeExclude.myTestClass1" name="v" time="0.003"/>
  <system-out>
    <![CDATA[V is Running ]]>
  </system-out>
  <testcase classname="includeExclude.myTestClass1" name="d" time="0.002"/>
  <system-out>
    <![CDATA[D is Running ]]>
  </system-out>
</testsuite> <!-- includeExclude.myTestClass1 -->
