<?xml version="1.0" encoding="UTF-8"?>
<!-- Generated by org.testng.reporters.JUnitReportReporter -->
<testsuite hostname="Hrushikesh" failures="0" tests="2" name="annotationsStudy.AnnotationBasicEg1" time="0.013" errors="0" timestamp="2022-06-22T12:01:38 IST" skipped="0">
  <testcase classname="annotationsStudy.AnnotationBasicEg1" name="validateUserId" time="0.008"/>
  <system-out>
    <![CDATA[User ID Validated ]]>
  </system-out>
  <testcase classname="annotationsStudy.AnnotationBasicEg1" name="validateDashBoard" time="0.005"/>
  <system-out>
    <![CDATA[DashBoard Validated ]]>
  </system-out>
</testsuite> <!-- annotationsStudy.AnnotationBasicEg1 -->
