<?xml version="1.0" encoding="UTF-8"?>
<!-- Generated by org.testng.reporters.JUnitReportReporter -->
<testsuite hostname="Hrushikesh" failures="0" tests="2" name="assertionStudy.SoftAssertStudy" time="0.014" errors="0" timestamp="2022-06-29T14:53:33 IST" skipped="0">
  <testcase classname="assertionStudy.SoftAssertStudy" name="myTest1" time="0.011"/>
  <system-out/>
  <testcase classname="assertionStudy.SoftAssertStudy" name="myTest2" time="0.003"/>
  <system-out/>
</testsuite> <!-- assertionStudy.SoftAssertStudy -->
