<?xml version="1.0" encoding="UTF-8"?>
<!-- Generated by org.testng.reporters.JUnitReportReporter -->
<testsuite hostname="Hrushikesh" failures="0" tests="2" name="groupingUsingXMLfile.TestClass1" time="0.010" errors="0" timestamp="2022-06-24T12:09:38 IST" skipped="0">
  <testcase classname="groupingUsingXMLfile.TestClass1" name="r" time="0.009"/>
  <system-out>
    <![CDATA[R is Running ( Sanity ) ]]>
  </system-out>
  <testcase classname="groupingUsingXMLfile.TestClass1" name="s" time="0.001"/>
  <system-out>
    <![CDATA[S is Running ( Sanity ) ]]>
  </system-out>
</testsuite> <!-- groupingUsingXMLfile.TestClass1 -->
