<?xml version="1.0" encoding="UTF-8"?>
<!-- Generated by org.testng.reporters.JUnitReportReporter -->
<testsuite hostname="Hrushikesh" failures="0" tests="1" name="assertionStudy.AssertEquals_MethodUse" time="0.011" errors="0" timestamp="2022-06-28T19:49:39 IST" skipped="0">
  <testcase classname="assertionStudy.AssertEquals_MethodUse" name="myStudy" time="0.011"/>
  <system-out>
    <![CDATA[Strings are not equal TC Passed]]>
  </system-out>
</testsuite> <!-- assertionStudy.AssertEquals_MethodUse -->
