<?xml version="1.0" encoding="UTF-8"?>
<!-- Generated by org.testng.reporters.JUnitReportReporter -->
<testsuite hostname="Hrushikesh" failures="0" tests="3" name="testNGKeyword.DependsOnMethodsUse" time="0.011" errors="0" timestamp="2022-06-23T12:37:35 IST" skipped="0">
  <testcase classname="testNGKeyword.DependsOnMethodsUse" name="d" time="0.009"/>
  <system-out>
    <![CDATA[D is Running ]]>
  </system-out>
  <testcase classname="testNGKeyword.DependsOnMethodsUse" name="v" time="0.001"/>
  <system-out>
    <![CDATA[V is Running ]]>
  </system-out>
  <testcase classname="testNGKeyword.DependsOnMethodsUse" name="a" time="0.001"/>
  <system-out>
    <![CDATA[A is Running ]]>
  </system-out>
</testsuite> <!-- testNGKeyword.DependsOnMethodsUse -->
