<?xml version="1.0" encoding="UTF-8"?>
<!-- Generated by org.testng.reporters.JUnitReportReporter -->
<testsuite hostname="Hrushikesh" failures="0" tests="6" name="seriesAndParallelExecutionStudy.myTestClass2" time="0.021" errors="0" timestamp="2022-06-24T12:34:29 IST" skipped="0">
  <testcase classname="seriesAndParallelExecutionStudy.myTestClass2" name="TC3" time="0.002"/>
  <system-out>
    <![CDATA[TC3 is Running ( Sanity )]]>
  </system-out>
  <testcase classname="seriesAndParallelExecutionStudy.myTestClass2" name="TC5" time="0.003"/>
  <system-out>
    <![CDATA[TC5 is Running ( Sanity )]]>
  </system-out>
  <testcase classname="seriesAndParallelExecutionStudy.myTestClass2" name="TC2" time="0.002"/>
  <system-out>
    <![CDATA[TC2 is Running ( Regression )]]>
  </system-out>
  <testcase classname="seriesAndParallelExecutionStudy.myTestClass2" name="TC4" time="0.002"/>
  <system-out>
    <![CDATA[TC4 is Running ( Sanity )]]>
  </system-out>
  <testcase classname="seriesAndParallelExecutionStudy.myTestClass2" name="TC1" time="0.011"/>
  <system-out>
    <![CDATA[TC1 is Running ( Regression )]]>
  </system-out>
  <testcase classname="seriesAndParallelExecutionStudy.myTestClass2" name="TC6" time="0.001"/>
  <system-out>
    <![CDATA[TC1 is Running ( Regression )]]>
  </system-out>
</testsuite> <!-- seriesAndParallelExecutionStudy.myTestClass2 -->
