<?xml version="1.0" encoding="UTF-8"?>
<!-- Generated by org.testng.reporters.JUnitReportReporter -->
<testsuite hostname="Hrushikesh" failures="0" tests="1" name="aaKiteTest.ValidateKiteUserID_UsingListener" time="3.114" errors="0" timestamp="2022-07-04T14:52:45 IST" skipped="0">
  <testcase classname="aaKiteTest.ValidateKiteUserID_UsingListener" name="ValidateUserID" time="3.114"/>
  <system-out>
    <![CDATA[Welcome TC Passed TC name is ValidateUserID
null
aaKiteTest.ValidateKiteUserID_UsingListener
1
1656926562295
1656926561256
null
208513211
aaKiteTest.ValidateKiteUserID_UsingListener@3012646b
true
false
[TestResult name=ValidateUserID status=SUCCESS method=ValidateKiteUserID_UsingListener.ValidateUserID()[pri:0, instance:aaKiteTest.ValidateKiteUserID_UsingListener@3012646b] output=Welcome TC Passed TC name is ValidateUserID]
[TestResult name=ValidateUserID status=SUCCESS method=ValidateKiteUserID_UsingListener.ValidateUserID()[pri:0, instance:aaKiteTest.ValidateKiteUserID_UsingListener@3012646b] output=Welcome TC Passed TC name is ValidateUserID]
[TestResult name=ValidateUserID status=SUCCESS method=ValidateKiteUserID_UsingListener.ValidateUserID()[pri:0, instance:aaKiteTest.ValidateKiteUserID_UsingListener@3012646b] output=Welcome TC Passed TC name is ValidateUserID]]]>
  </system-out>
</testsuite> <!-- aaKiteTest.ValidateKiteUserID_UsingListener -->
