<?xml version="1.0" encoding="UTF-8"?>
<!-- Generated by org.testng.reporters.JUnitReportReporter -->
<testsuite hostname="Hrushikesh" failures="0" tests="2" name="crossBrowserTesting.CrossBrowserSeries" time="43.228" errors="0" timestamp="2022-06-29T15:36:28 IST" skipped="0">
  <testcase classname="crossBrowserTesting.CrossBrowserSeries" name="Cross_Browser_Series" time="24.337"/>
  <system-out/>
  <testcase classname="crossBrowserTesting.CrossBrowserSeries" name="Cross_Browser_Series" time="18.891"/>
  <system-out/>
</testsuite> <!-- crossBrowserTesting.CrossBrowserSeries -->
