<?xml version="1.0" encoding="UTF-8"?>
<!-- Generated by org.testng.reporters.JUnitReportReporter -->
<testsuite hostname="Hrushikesh" failures="0" tests="1" name="aaKiteTest.ValidateKiteUserID_TestNG" time="4.336" errors="0" timestamp="2022-07-02T22:17:44 IST" skipped="0">
  <testcase classname="aaKiteTest.ValidateKiteUserID_TestNG" name="validateUserID" time="4.336"/>
  <system-out>
    <![CDATA[ActualUID and ExpectedUID Equal TC Passed]]>
  </system-out>
</testsuite> <!-- aaKiteTest.ValidateKiteUserID_TestNG -->
