<?xml version="1.0" encoding="UTF-8"?>
<!-- Generated by org.testng.reporters.JUnitReportReporter -->
<testsuite hostname="Hrushikesh" failures="0" tests="2" name="includeExclude.mytestClass2" time="0.012" errors="0" timestamp="2022-06-23T22:34:25 IST" skipped="0">
  <testcase classname="includeExclude.mytestClass2" name="x" time="0.010"/>
  <system-out>
    <![CDATA[X is Running ]]>
  </system-out>
  <testcase classname="includeExclude.mytestClass2" name="y" time="0.002"/>
  <system-out>
    <![CDATA[Y is Running ]]>
  </system-out>
</testsuite> <!-- includeExclude.mytestClass2 -->
