<?xml version="1.0" encoding="UTF-8"?>
<!-- Generated by org.testng.reporters.JUnitReportReporter -->
<testsuite hostname="Hrushikesh" failures="0" tests="1" name="crossBrowserTesting.EdgeTest" time="18.815" errors="0" timestamp="2022-06-29T15:03:25 IST" skipped="0">
  <testcase classname="crossBrowserTesting.EdgeTest" name="myTest1" time="18.815"/>
  <system-out/>
</testsuite> <!-- crossBrowserTesting.EdgeTest -->
