<?xml version="1.0" encoding="UTF-8"?>
<!-- Generated by org.testng.reporters.JUnitReportReporter -->
<testsuite hostname="Hrushikesh" failures="0" tests="3" name="testNGKeyword.PriorityUse" time="0.012" errors="0" timestamp="2022-06-23T12:18:19 IST" skipped="0">
  <testcase classname="testNGKeyword.PriorityUse" name="v" time="0.009"/>
  <system-out>
    <![CDATA[V is Running ]]>
  </system-out>
  <testcase classname="testNGKeyword.PriorityUse" name="a" time="0.001"/>
  <system-out>
    <![CDATA[A is Running ]]>
  </system-out>
  <testcase classname="testNGKeyword.PriorityUse" name="d" time="0.002"/>
  <system-out>
    <![CDATA[D is Running ]]>
  </system-out>
</testsuite> <!-- testNGKeyword.PriorityUse -->
