<?xml version="1.0" encoding="UTF-8"?>
<!-- Generated by org.testng.reporters.JUnitReportReporter -->
<testsuite hostname="Hrushikesh" failures="0" tests="2" name="kiteTestNGStudy.TestNGBasic" time="19.208" errors="0" timestamp="2022-06-22T11:23:38 IST" skipped="0">
  <testcase classname="kiteTestNGStudy.TestNGBasic" name="myTest1" time="9.303"/>
  <system-out/>
  <testcase classname="kiteTestNGStudy.TestNGBasic" name="myTest2" time="9.905"/>
  <system-out/>
</testsuite> <!-- kiteTestNGStudy.TestNGBasic -->
