<?xml version="1.0" encoding="UTF-8"?>
<!-- Generated by org.testng.reporters.JUnitReportReporter -->
<testsuite hostname="Hrushikesh" failures="0" tests="1" name="kiteTestNGStudy.TestNGReport" time="21.276" errors="0" timestamp="2022-06-22T11:23:38 IST" skipped="0">
  <testcase classname="kiteTestNGStudy.TestNGReport" name="reportTest" time="21.276"/>
  <system-out>
    <![CDATA[Print in Report Only 
Print in Report & Console 
#All stocks
#Kite only
#Smallcase
#Mutual funds]]>
  </system-out>
</testsuite> <!-- kiteTestNGStudy.TestNGReport -->
